<?xml version="1.0" encoding="UTF-8" ?>
<testsuite tests="2" failures="0" name="org.opens.color.finder.hsv.ColorFinderHsvPsychoTest" time="0.366" errors="0" skipped="0">
  <properties>
    <property name="java.runtime.name" value="OpenJDK Runtime Environment"/>
    <property name="sun.boot.library.path" value="/usr/lib/jvm/java-8-openjdk-amd64/jre/lib/amd64"/>
    <property name="java.vm.version" value="25.131-b11"/>
    <property name="java.vm.vendor" value="Oracle Corporation"/>
    <property name="java.vendor.url" value="http://java.oracle.com/"/>
    <property name="path.separator" value=":"/>
    <property name="java.vm.name" value="OpenJDK 64-Bit Server VM"/>
    <property name="file.encoding.pkg" value="sun.io"/>
    <property name="user.country" value="US"/>
    <property name="sun.java.launcher" value="SUN_STANDARD"/>
    <property name="sun.os.patch.level" value="unknown"/>
    <property name="java.vm.specification.name" value="Java Virtual Machine Specification"/>
    <property name="user.dir" value="/home/parallels/Documents/Project362/TestAutomation/Project/Contrast-Finder/contrast-finder-hsv"/>
    <property name="java.runtime.version" value="1.8.0_131-8u131-b11-2ubuntu1.16.04.3-b11"/>
    <property name="java.awt.graphicsenv" value="sun.awt.X11GraphicsEnvironment"/>
    <property name="basedir" value="/home/parallels/Documents/Project362/TestAutomation/Project/Contrast-Finder/contrast-finder-hsv"/>
    <property name="java.endorsed.dirs" value="/usr/lib/jvm/java-8-openjdk-amd64/jre/lib/endorsed"/>
    <property name="os.arch" value="amd64"/>
    <property name="surefire.real.class.path" value="/home/parallels/Documents/Project362/TestAutomation/Project/Contrast-Finder/contrast-finder-hsv/target/surefire/surefirebooter5520394620452948028.jar"/>
    <property name="java.io.tmpdir" value="/tmp"/>
    <property name="line.separator" value="
"/>
    <property name="java.vm.specification.vendor" value="Oracle Corporation"/>
    <property name="os.name" value="Linux"/>
    <property name="sun.jnu.encoding" value="UTF-8"/>
    <property name="java.library.path" value="/usr/java/packages/lib/amd64:/usr/lib/x86_64-linux-gnu/jni:/lib/x86_64-linux-gnu:/usr/lib/x86_64-linux-gnu:/usr/lib/jni:/lib:/usr/lib"/>
    <property name="surefire.test.class.path" value="/home/parallels/Documents/Project362/TestAutomation/Project/Contrast-Finder/contrast-finder-hsv/target/test-classes:/home/parallels/Documents/Project362/TestAutomation/Project/Contrast-Finder/contrast-finder-hsv/target/classes:/home/parallels/.m2/repository/org/apache/commons/commons-lang3/3.1/commons-lang3-3.1.jar:/home/parallels/.m2/repository/commons-collections/commons-collections/3.2.1/commons-collections-3.2.1.jar:/home/parallels/.m2/repository/junit/junit/3.8.2/junit-3.8.2.jar:/home/parallels/Documents/Project362/TestAutomation/Project/Contrast-Finder/contrast-finder-impl/target/contrast-finder-impl-0.3.5.jar:/home/parallels/Documents/Project362/TestAutomation/Project/Contrast-Finder/contrast-finder-api/target/contrast-finder-api-0.3.5.jar:/home/parallels/Documents/Project362/TestAutomation/Project/Contrast-Finder/contrast-finder-utils/target/contrast-finder-utils-0.3.5.jar:/home/parallels/.m2/repository/org/apache/httpcomponents/httpclient/4.3.1/httpclient-4.3.1.jar:/home/parallels/.m2/repository/org/apache/httpcomponents/httpcore/4.3/httpcore-4.3.jar:/home/parallels/.m2/repository/commons-logging/commons-logging/1.1.3/commons-logging-1.1.3.jar:/home/parallels/.m2/repository/commons-codec/commons-codec/1.6/commons-codec-1.6.jar:/home/parallels/.m2/repository/commons-httpclient/commons-httpclient/3.1/commons-httpclient-3.1.jar:/home/parallels/.m2/repository/org/json/json/20131018/json-20131018.jar:/home/parallels/.m2/repository/log4j/log4j/1.2.17/log4j-1.2.17.jar:"/>
    <property name="java.specification.name" value="Java Platform API Specification"/>
    <property name="java.class.version" value="52.0"/>
    <property name="sun.management.compiler" value="HotSpot 64-Bit Tiered Compilers"/>
    <property name="os.version" value="4.10.0-35-generic"/>
    <property name="user.home" value="/home/parallels"/>
    <property name="user.timezone" value="America/New_York"/>
    <property name="java.awt.printerjob" value="sun.print.PSPrinterJob"/>
    <property name="file.encoding" value="UTF-8"/>
    <property name="java.specification.version" value="1.8"/>
    <property name="user.name" value="parallels"/>
    <property name="java.class.path" value="/home/parallels/Documents/Project362/TestAutomation/Project/Contrast-Finder/contrast-finder-hsv/target/test-classes:/home/parallels/Documents/Project362/TestAutomation/Project/Contrast-Finder/contrast-finder-hsv/target/classes:/home/parallels/.m2/repository/org/apache/commons/commons-lang3/3.1/commons-lang3-3.1.jar:/home/parallels/.m2/repository/commons-collections/commons-collections/3.2.1/commons-collections-3.2.1.jar:/home/parallels/.m2/repository/junit/junit/3.8.2/junit-3.8.2.jar:/home/parallels/Documents/Project362/TestAutomation/Project/Contrast-Finder/contrast-finder-impl/target/contrast-finder-impl-0.3.5.jar:/home/parallels/Documents/Project362/TestAutomation/Project/Contrast-Finder/contrast-finder-api/target/contrast-finder-api-0.3.5.jar:/home/parallels/Documents/Project362/TestAutomation/Project/Contrast-Finder/contrast-finder-utils/target/contrast-finder-utils-0.3.5.jar:/home/parallels/.m2/repository/org/apache/httpcomponents/httpclient/4.3.1/httpclient-4.3.1.jar:/home/parallels/.m2/repository/org/apache/httpcomponents/httpcore/4.3/httpcore-4.3.jar:/home/parallels/.m2/repository/commons-logging/commons-logging/1.1.3/commons-logging-1.1.3.jar:/home/parallels/.m2/repository/commons-codec/commons-codec/1.6/commons-codec-1.6.jar:/home/parallels/.m2/repository/commons-httpclient/commons-httpclient/3.1/commons-httpclient-3.1.jar:/home/parallels/.m2/repository/org/json/json/20131018/json-20131018.jar:/home/parallels/.m2/repository/log4j/log4j/1.2.17/log4j-1.2.17.jar:"/>
    <property name="java.vm.specification.version" value="1.8"/>
    <property name="sun.arch.data.model" value="64"/>
    <property name="java.home" value="/usr/lib/jvm/java-8-openjdk-amd64/jre"/>
    <property name="sun.java.command" value="/home/parallels/Documents/Project362/TestAutomation/Project/Contrast-Finder/contrast-finder-hsv/target/surefire/surefirebooter5520394620452948028.jar /home/parallels/Documents/Project362/TestAutomation/Project/Contrast-Finder/contrast-finder-hsv/target/surefire/surefire395030379594319015tmp /home/parallels/Documents/Project362/TestAutomation/Project/Contrast-Finder/contrast-finder-hsv/target/surefire/surefire9003736579190142162tmp"/>
    <property name="java.specification.vendor" value="Oracle Corporation"/>
    <property name="user.language" value="en"/>
    <property name="awt.toolkit" value="sun.awt.X11.XToolkit"/>
    <property name="java.vm.info" value="mixed mode"/>
    <property name="java.version" value="1.8.0_131"/>
    <property name="java.ext.dirs" value="/usr/lib/jvm/java-8-openjdk-amd64/jre/lib/ext:/usr/java/packages/lib/ext"/>
    <property name="sun.boot.class.path" value="/usr/lib/jvm/java-8-openjdk-amd64/jre/lib/resources.jar:/usr/lib/jvm/java-8-openjdk-amd64/jre/lib/rt.jar:/usr/lib/jvm/java-8-openjdk-amd64/jre/lib/sunrsasign.jar:/usr/lib/jvm/java-8-openjdk-amd64/jre/lib/jsse.jar:/usr/lib/jvm/java-8-openjdk-amd64/jre/lib/jce.jar:/usr/lib/jvm/java-8-openjdk-amd64/jre/lib/charsets.jar:/usr/lib/jvm/java-8-openjdk-amd64/jre/lib/jfr.jar:/usr/lib/jvm/java-8-openjdk-amd64/jre/classes"/>
    <property name="java.vendor" value="Oracle Corporation"/>
    <property name="localRepository" value="/home/parallels/.m2/repository"/>
    <property name="file.separator" value="/"/>
    <property name="java.vendor.url.bug" value="http://bugreport.sun.com/bugreport/"/>
    <property name="sun.cpu.endian" value="little"/>
    <property name="sun.io.unicode.encoding" value="UnicodeLittle"/>
    <property name="sun.font.fontmanager" value="sun.awt.X11FontManager"/>
    <property name="sun.desktop" value="gnome"/>
    <property name="sun.cpu.isalist" value=""/>
  </properties>
  <testcase classname="org.opens.color.finder.hsv.ColorFinderHsvPsychoTest" name="testGetColorFinderKey" time="0"/>
  <testcase classname="org.opens.color.finder.hsv.ColorFinderHsvPsychoTest" name="testFindColorsNearColorOrange" time="0.366"/>
</testsuite>